<?xml version="1.0" encoding="UTF-8"?>
<testsuite name="NumberTest" tests="4" skipped="0" failures="0" errors="0" timestamp="2017-11-22T12:03:42" hostname="d-dyachenko" time="0.005">
  <properties/>
  <testcase name="testMinusValue" classname="NumberTest" time="0.002"/>
  <testcase name="testIntValue" classname="NumberTest" time="0.001"/>
  <testcase name="testFloatNumber" classname="NumberTest" time="0.001"/>
  <testcase name="testValidationOfExpression" classname="NumberTest" time="0.001"/>
  <system-out><![CDATA[]]></system-out>
  <system-err><![CDATA[Nov 22, 2017 2:03:42 PM javaclasses.calculator.fsm.FiniteStateMachine start
INFO: Start state: START
Nov 22, 2017 2:03:42 PM javaclasses.calculator.fsm.FiniteStateMachine moveForward
INFO: Checking possible state: NUMBER
Nov 22, 2017 2:03:42 PM javaclasses.calculator.fsm.FiniteStateMachine moveForward
INFO: State accepted: NUMBER
Nov 22, 2017 2:03:42 PM javaclasses.calculator.fsm.FiniteStateMachine moveForward
INFO: Checking possible state: BINARY_OPERATOR
Nov 22, 2017 2:03:42 PM javaclasses.calculator.fsm.FiniteStateMachine moveForward
INFO: Checking possible state: CLOSE_BRACKET
Nov 22, 2017 2:03:42 PM javaclasses.calculator.fsm.FiniteStateMachine moveForward
INFO: Checking possible state: FINISH
Nov 22, 2017 2:03:42 PM javaclasses.calculator.fsm.FiniteStateMachine moveForward
INFO: State accepted: FINISH
Nov 22, 2017 2:03:42 PM javaclasses.calculator.fsm.FiniteStateMachine start
INFO: Start state: START
Nov 22, 2017 2:03:42 PM javaclasses.calculator.fsm.FiniteStateMachine moveForward
INFO: Checking possible state: NUMBER
Nov 22, 2017 2:03:42 PM javaclasses.calculator.fsm.FiniteStateMachine moveForward
INFO: State accepted: NUMBER
Nov 22, 2017 2:03:42 PM javaclasses.calculator.fsm.FiniteStateMachine moveForward
INFO: Checking possible state: BINARY_OPERATOR
Nov 22, 2017 2:03:42 PM javaclasses.calculator.fsm.FiniteStateMachine moveForward
INFO: Checking possible state: CLOSE_BRACKET
Nov 22, 2017 2:03:42 PM javaclasses.calculator.fsm.FiniteStateMachine moveForward
INFO: Checking possible state: FINISH
Nov 22, 2017 2:03:42 PM javaclasses.calculator.fsm.FiniteStateMachine moveForward
INFO: State accepted: FINISH
Nov 22, 2017 2:03:42 PM javaclasses.calculator.fsm.FiniteStateMachine start
INFO: Start state: START
Nov 22, 2017 2:03:42 PM javaclasses.calculator.fsm.FiniteStateMachine moveForward
INFO: Checking possible state: NUMBER
Nov 22, 2017 2:03:42 PM javaclasses.calculator.fsm.FiniteStateMachine moveForward
INFO: State accepted: NUMBER
Nov 22, 2017 2:03:42 PM javaclasses.calculator.fsm.FiniteStateMachine moveForward
INFO: Checking possible state: BINARY_OPERATOR
Nov 22, 2017 2:03:42 PM javaclasses.calculator.fsm.FiniteStateMachine moveForward
INFO: Checking possible state: CLOSE_BRACKET
Nov 22, 2017 2:03:42 PM javaclasses.calculator.fsm.FiniteStateMachine moveForward
INFO: Checking possible state: FINISH
Nov 22, 2017 2:03:42 PM javaclasses.calculator.fsm.FiniteStateMachine moveForward
INFO: State accepted: FINISH
Nov 22, 2017 2:03:42 PM javaclasses.calculator.fsm.FiniteStateMachine start
INFO: Start state: START
Nov 22, 2017 2:03:42 PM javaclasses.calculator.fsm.FiniteStateMachine moveForward
INFO: Checking possible state: NUMBER
Nov 22, 2017 2:03:42 PM javaclasses.calculator.fsm.FiniteStateMachine moveForward
INFO: Checking possible state: OPEN_BRACKET
]]></system-err>
</testsuite>
